# JRE version: OpenJDK Runtime Environment (8.0_342-b07) (build 1.8.0_342-b07)
# Java VM: OpenJDK 64-Bit Server VM (25.342-b07 mixed mode windows-amd64 compressed oops)
Heap:
 PSYoungGen      total 178688K, used 144235K [0x000000076b900000, 0x0000000778d80000, 0x00000007c0000000)
  eden space 165888K, 86% used [0x000000076b900000,0x00000007745dac40,0x0000000775b00000)
  from space 12800K, 0% used [0x0000000776780000,0x0000000776780000,0x0000000777400000)
  to   space 12800K, 0% used [0x0000000775b00000,0x0000000775b00000,0x0000000776780000)
 ParOldGen       total 142848K, used 13743K [0x00000006c2a00000, 0x00000006cb580000, 0x000000076b900000)
  object space 142848K, 9% used [0x00000006c2a00000,0x00000006c376bcb0,0x00000006cb580000)
 Metaspace       used 45703K, capacity 47814K, committed 47960K, reserved 1091584K
  class space    used 6285K, capacity 6684K, committed 6744K, reserved 1048576K
GC Heap History (10 events):
Event: 2.117 GC heap before
{Heap before GC invocations=4 (full 1):
 PSYoungGen      total 75776K, used 6410K [0x000000076b900000, 0x0000000774d00000, 0x00000007c0000000)
  eden space 65024K, 0% used [0x000000076b900000,0x000000076b900000,0x000000076f880000)
  from space 10752K, 59% used [0x000000076f880000,0x000000076fec2b28,0x0000000770300000)
  to   space 10752K, 0% used [0x0000000774280000,0x0000000774280000,0x0000000774d00000)
 ParOldGen       total 173568K, used 32K [0x00000006c2a00000, 0x00000006cd380000, 0x000000076b900000)
  object space 173568K, 0% used [0x00000006c2a00000,0x00000006c2a08000,0x00000006cd380000)
 Metaspace       used 20231K, capacity 21130K, committed 21248K, reserved 1067008K
  class space    used 2513K, capacity 2701K, committed 2816K, reserved 1048576K
Event: 2.147 GC heap after
Heap after GC invocations=4 (full 1):
 PSYoungGen      total 75776K, used 0K [0x000000076b900000, 0x0000000774d00000, 0x00000007c0000000)
  eden space 65024K, 0% used [0x000000076b900000,0x000000076b900000,0x000000076f880000)
  from space 10752K, 0% used [0x000000076f880000,0x000000076f880000,0x0000000770300000)
  to   space 10752K, 0% used [0x0000000774280000,0x0000000774280000,0x0000000774d00000)
 ParOldGen       total 93696K, used 6104K [0x00000006c2a00000, 0x00000006c8580000, 0x000000076b900000)
  object space 93696K, 6% used [0x00000006c2a00000,0x00000006c2ff63c0,0x00000006c8580000)
 Metaspace       used 20231K, capacity 21130K, committed 21248K, reserved 1067008K
  class space    used 2513K, capacity 2701K, committed 2816K, reserved 1048576K
}
Event: 2.678 GC heap before
{Heap before GC invocations=5 (full 1):
 PSYoungGen      total 75776K, used 65024K [0x000000076b900000, 0x0000000774d00000, 0x00000007c0000000)
  eden space 65024K, 100% used [0x000000076b900000,0x000000076f880000,0x000000076f880000)
  from space 10752K, 0% used [0x000000076f880000,0x000000076f880000,0x0000000770300000)
  to   space 10752K, 0% used [0x0000000774280000,0x0000000774280000,0x0000000774d00000)
 ParOldGen       total 93696K, used 6104K [0x00000006c2a00000, 0x00000006c8580000, 0x000000076b900000)
  object space 93696K, 6% used [0x00000006c2a00000,0x00000006c2ff63c0,0x00000006c8580000)
 Metaspace       used 23398K, capacity 24514K, committed 24704K, reserved 1071104K
  class space    used 2951K, capacity 3199K, committed 3200K, reserved 1048576K
Event: 2.683 GC heap after
Heap after GC invocations=5 (full 1):
 PSYoungGen      total 111616K, used 6092K [0x000000076b900000, 0x0000000774880000, 0x00000007c0000000)
  eden space 105472K, 0% used [0x000000076b900000,0x000000076b900000,0x0000000772000000)
  from space 6144K, 99% used [0x0000000774280000,0x0000000774873198,0x0000000774880000)
  to   space 10752K, 0% used [0x0000000773380000,0x0000000773380000,0x0000000773e00000)
 ParOldGen       total 93696K, used 6112K [0x00000006c2a00000, 0x00000006c8580000, 0x000000076b900000)
  object space 93696K, 6% used [0x00000006c2a00000,0x00000006c2ff83c0,0x00000006c8580000)
 Metaspace       used 23398K, capacity 24514K, committed 24704K, reserved 1071104K
  class space    used 2951K, capacity 3199K, committed 3200K, reserved 1048576K
}
Event: 3.911 GC heap before
{Heap before GC invocations=6 (full 1):
 PSYoungGen      total 111616K, used 111564K [0x000000076b900000, 0x0000000774880000, 0x00000007c0000000)
  eden space 105472K, 100% used [0x000000076b900000,0x0000000772000000,0x0000000772000000)
  from space 6144K, 99% used [0x0000000774280000,0x0000000774873198,0x0000000774880000)
  to   space 10752K, 0% used [0x0000000773380000,0x0000000773380000,0x0000000773e00000)
 ParOldGen       total 93696K, used 6112K [0x00000006c2a00000, 0x00000006c8580000, 0x000000076b900000)
  object space 93696K, 6% used [0x00000006c2a00000,0x00000006c2ff83c0,0x00000006c8580000)
 Metaspace       used 30027K, capacity 31718K, committed 32000K, reserved 1077248K
  class space    used 3923K, capacity 4233K, committed 4352K, reserved 1048576K
Event: 3.920 GC heap after
Heap after GC invocations=6 (full 1):
 PSYoungGen      total 136192K, used 10737K [0x000000076b900000, 0x0000000777400000, 0x00000007c0000000)
  eden space 125440K, 0% used [0x000000076b900000,0x000000076b900000,0x0000000773380000)
  from space 10752K, 99% used [0x0000000773380000,0x0000000773dfc7f8,0x0000000773e00000)
  to   space 12800K, 0% used [0x0000000776780000,0x0000000776780000,0x0000000777400000)
 ParOldGen       total 93696K, used 6501K [0x00000006c2a00000, 0x00000006c8580000, 0x000000076b900000)
  object space 93696K, 6% used [0x00000006c2a00000,0x00000006c30596b8,0x00000006c8580000)
 Metaspace       used 30027K, capacity 31718K, committed 32000K, reserved 1077248K
  class space    used 3923K, capacity 4233K, committed 4352K, reserved 1048576K
}
Event: 4.835 GC heap before
{Heap before GC invocations=7 (full 1):
 PSYoungGen      total 136192K, used 50258K [0x000000076b900000, 0x0000000777400000, 0x00000007c0000000)
  eden space 125440K, 31% used [0x000000076b900000,0x000000076df98368,0x0000000773380000)
  from space 10752K, 99% used [0x0000000773380000,0x0000000773dfc7f8,0x0000000773e00000)
  to   space 12800K, 0% used [0x0000000776780000,0x0000000776780000,0x0000000777400000)
 ParOldGen       total 93696K, used 6501K [0x00000006c2a00000, 0x00000006c8580000, 0x000000076b900000)
  object space 93696K, 6% used [0x00000006c2a00000,0x00000006c30596b8,0x00000006c8580000)
 Metaspace       used 33539K, capacity 35346K, committed 35416K, reserved 1079296K
  class space    used 4568K, capacity 4908K, committed 4952K, reserved 1048576K
Event: 4.841 GC heap after
Heap after GC invocations=7 (full 1):
 PSYoungGen      total 178688K, used 9605K [0x000000076b900000, 0x0000000778d80000, 0x00000007c0000000)
  eden space 165888K, 0% used [0x000000076b900000,0x000000076b900000,0x0000000775b00000)
  from space 12800K, 75% used [0x0000000776780000,0x00000007770e14d0,0x0000000777400000)
  to   space 12800K, 0% used [0x0000000775b00000,0x0000000775b00000,0x0000000776780000)
 ParOldGen       total 93696K, used 6509K [0x00000006c2a00000, 0x00000006c8580000, 0x000000076b900000)
  object space 93696K, 6% used [0x00000006c2a00000,0x00000006c305b6b8,0x00000006c8580000)
 Metaspace       used 33539K, capacity 35346K, committed 35416K, reserved 1079296K
  class space    used 4568K, capacity 4908K, committed 4952K, reserved 1048576K
}
Event: 4.841 GC heap before
{Heap before GC invocations=8 (full 2):
 PSYoungGen      total 178688K, used 9605K [0x000000076b900000, 0x0000000778d80000, 0x00000007c0000000)
  eden space 165888K, 0% used [0x000000076b900000,0x000000076b900000,0x0000000775b00000)
  from space 12800K, 75% used [0x0000000776780000,0x00000007770e14d0,0x0000000777400000)
  to   space 12800K, 0% used [0x0000000775b00000,0x0000000775b00000,0x0000000776780000)
 ParOldGen       total 93696K, used 6509K [0x00000006c2a00000, 0x00000006c8580000, 0x000000076b900000)
  object space 93696K, 6% used [0x00000006c2a00000,0x00000006c305b6b8,0x00000006c8580000)
 Metaspace       used 33539K, capacity 35346K, committed 35416K, reserved 1079296K
  class space    used 4568K, capacity 4908K, committed 4952K, reserved 1048576K
Event: 4.875 GC heap after
Heap after GC invocations=8 (full 2):
 PSYoungGen      total 178688K, used 0K [0x000000076b900000, 0x0000000778d80000, 0x00000007c0000000)
  eden space 165888K, 0% used [0x000000076b900000,0x000000076b900000,0x0000000775b00000)
  from space 12800K, 0% used [0x0000000776780000,0x0000000776780000,0x0000000777400000)
  to   space 12800K, 0% used [0x0000000775b00000,0x0000000775b00000,0x0000000776780000)
 ParOldGen       total 142848K, used 13743K [0x00000006c2a00000, 0x00000006cb580000, 0x000000076b900000)
  object space 142848K, 9% used [0x00000006c2a00000,0x00000006c376bcb0,0x00000006cb580000)
 Metaspace       used 33539K, capacity 35346K, committed 35416K, reserved 1079296K
  class space    used 4568K, capacity 4908K, committed 4952K, reserved 1048576K
}

