# JRE version: OpenJDK Runtime Environment (8.0_342-b07) (build 1.8.0_342-b07)
# Java VM: OpenJDK 64-Bit Server VM (25.342-b07 mixed mode windows-amd64 compressed oops)
Heap:
 PSYoungGen      total 180736K, used 12766K [0x000000076b900000, 0x0000000778f00000, 0x00000007c0000000)
  eden space 167936K, 7% used [0x000000076b900000,0x000000076c577bc8,0x0000000775d00000)
  from space 12800K, 0% used [0x0000000776980000,0x0000000776980000,0x0000000777600000)
  to   space 12800K, 0% used [0x0000000775d00000,0x0000000775d00000,0x0000000776980000)
 ParOldGen       total 140800K, used 13815K [0x00000006c2a00000, 0x00000006cb380000, 0x000000076b900000)
  object space 140800K, 9% used [0x00000006c2a00000,0x00000006c377dcf8,0x00000006cb380000)
 Metaspace       used 34689K, capacity 36564K, committed 36952K, reserved 1081344K
  class space    used 4735K, capacity 5081K, committed 5208K, reserved 1048576K
GC Heap History (10 events):
Event: 1.866 GC heap before
{Heap before GC invocations=4 (full 1):
 PSYoungGen      total 75776K, used 6647K [0x000000076b900000, 0x0000000774d00000, 0x00000007c0000000)
  eden space 65024K, 0% used [0x000000076b900000,0x000000076b900000,0x000000076f880000)
  from space 10752K, 61% used [0x000000076f880000,0x000000076fefdfa0,0x0000000770300000)
  to   space 10752K, 0% used [0x0000000774280000,0x0000000774280000,0x0000000774d00000)
 ParOldGen       total 173568K, used 32K [0x00000006c2a00000, 0x00000006cd380000, 0x000000076b900000)
  object space 173568K, 0% used [0x00000006c2a00000,0x00000006c2a08000,0x00000006cd380000)
 Metaspace       used 20293K, capacity 21118K, committed 21248K, reserved 1067008K
  class space    used 2527K, capacity 2699K, committed 2816K, reserved 1048576K
Event: 1.892 GC heap after
Heap after GC invocations=4 (full 1):
 PSYoungGen      total 75776K, used 0K [0x000000076b900000, 0x0000000774d00000, 0x00000007c0000000)
  eden space 65024K, 0% used [0x000000076b900000,0x000000076b900000,0x000000076f880000)
  from space 10752K, 0% used [0x000000076f880000,0x000000076f880000,0x0000000770300000)
  to   space 10752K, 0% used [0x0000000774280000,0x0000000774280000,0x0000000774d00000)
 ParOldGen       total 93184K, used 6325K [0x00000006c2a00000, 0x00000006c8500000, 0x000000076b900000)
  object space 93184K, 6% used [0x00000006c2a00000,0x00000006c302d660,0x00000006c8500000)
 Metaspace       used 20293K, capacity 21118K, committed 21248K, reserved 1067008K
  class space    used 2527K, capacity 2699K, committed 2816K, reserved 1048576K
}
Event: 2.388 GC heap before
{Heap before GC invocations=5 (full 1):
 PSYoungGen      total 75776K, used 65024K [0x000000076b900000, 0x0000000774d00000, 0x00000007c0000000)
  eden space 65024K, 100% used [0x000000076b900000,0x000000076f880000,0x000000076f880000)
  from space 10752K, 0% used [0x000000076f880000,0x000000076f880000,0x0000000770300000)
  to   space 10752K, 0% used [0x0000000774280000,0x0000000774280000,0x0000000774d00000)
 ParOldGen       total 93184K, used 6325K [0x00000006c2a00000, 0x00000006c8500000, 0x000000076b900000)
  object space 93184K, 6% used [0x00000006c2a00000,0x00000006c302d660,0x00000006c8500000)
 Metaspace       used 23460K, capacity 24608K, committed 24832K, reserved 1071104K
  class space    used 2964K, capacity 3204K, committed 3328K, reserved 1048576K
Event: 2.392 GC heap after
Heap after GC invocations=5 (full 1):
 PSYoungGen      total 112128K, used 5700K [0x000000076b900000, 0x0000000774880000, 0x00000007c0000000)
  eden space 105984K, 0% used [0x000000076b900000,0x000000076b900000,0x0000000772080000)
  from space 6144K, 92% used [0x0000000774280000,0x0000000774811268,0x0000000774880000)
  to   space 10752K, 0% used [0x0000000773380000,0x0000000773380000,0x0000000773e00000)
 ParOldGen       total 93184K, used 6333K [0x00000006c2a00000, 0x00000006c8500000, 0x000000076b900000)
  object space 93184K, 6% used [0x00000006c2a00000,0x00000006c302f660,0x00000006c8500000)
 Metaspace       used 23460K, capacity 24608K, committed 24832K, reserved 1071104K
  class space    used 2964K, capacity 3204K, committed 3328K, reserved 1048576K
}
Event: 3.540 GC heap before
{Heap before GC invocations=6 (full 1):
 PSYoungGen      total 112128K, used 111684K [0x000000076b900000, 0x0000000774880000, 0x00000007c0000000)
  eden space 105984K, 100% used [0x000000076b900000,0x0000000772080000,0x0000000772080000)
  from space 6144K, 92% used [0x0000000774280000,0x0000000774811268,0x0000000774880000)
  to   space 10752K, 0% used [0x0000000773380000,0x0000000773380000,0x0000000773e00000)
 ParOldGen       total 93184K, used 6333K [0x00000006c2a00000, 0x00000006c8500000, 0x000000076b900000)
  object space 93184K, 6% used [0x00000006c2a00000,0x00000006c302f660,0x00000006c8500000)
 Metaspace       used 29973K, capacity 31702K, committed 32000K, reserved 1077248K
  class space    used 3919K, capacity 4233K, committed 4352K, reserved 1048576K
Event: 3.549 GC heap after
Heap after GC invocations=6 (full 1):
 PSYoungGen      total 136192K, used 10628K [0x000000076b900000, 0x0000000777600000, 0x00000007c0000000)
  eden space 125440K, 0% used [0x000000076b900000,0x000000076b900000,0x0000000773380000)
  from space 10752K, 98% used [0x0000000773380000,0x0000000773de1080,0x0000000773e00000)
  to   space 12800K, 0% used [0x0000000776980000,0x0000000776980000,0x0000000777600000)
 ParOldGen       total 93184K, used 6341K [0x00000006c2a00000, 0x00000006c8500000, 0x000000076b900000)
  object space 93184K, 6% used [0x00000006c2a00000,0x00000006c3031660,0x00000006c8500000)
 Metaspace       used 29973K, capacity 31702K, committed 32000K, reserved 1077248K
  class space    used 3919K, capacity 4233K, committed 4352K, reserved 1048576K
}
Event: 4.472 GC heap before
{Heap before GC invocations=7 (full 1):
 PSYoungGen      total 136192K, used 49836K [0x000000076b900000, 0x0000000777600000, 0x00000007c0000000)
  eden space 125440K, 31% used [0x000000076b900000,0x000000076df4a358,0x0000000773380000)
  from space 10752K, 98% used [0x0000000773380000,0x0000000773de1080,0x0000000773e00000)
  to   space 12800K, 0% used [0x0000000776980000,0x0000000776980000,0x0000000777600000)
 ParOldGen       total 93184K, used 6341K [0x00000006c2a00000, 0x00000006c8500000, 0x000000076b900000)
  object space 93184K, 6% used [0x00000006c2a00000,0x00000006c3031660,0x00000006c8500000)
 Metaspace       used 33535K, capacity 35330K, committed 35416K, reserved 1079296K
  class space    used 4566K, capacity 4908K, committed 4952K, reserved 1048576K
Event: 4.478 GC heap after
Heap after GC invocations=7 (full 1):
 PSYoungGen      total 180736K, used 9213K [0x000000076b900000, 0x0000000778f00000, 0x00000007c0000000)
  eden space 167936K, 0% used [0x000000076b900000,0x000000076b900000,0x0000000775d00000)
  from space 12800K, 71% used [0x0000000776980000,0x000000077727f788,0x0000000777600000)
  to   space 12800K, 0% used [0x0000000775d00000,0x0000000775d00000,0x0000000776980000)
 ParOldGen       total 93184K, used 6349K [0x00000006c2a00000, 0x00000006c8500000, 0x000000076b900000)
  object space 93184K, 6% used [0x00000006c2a00000,0x00000006c3033660,0x00000006c8500000)
 Metaspace       used 33535K, capacity 35330K, committed 35416K, reserved 1079296K
  class space    used 4566K, capacity 4908K, committed 4952K, reserved 1048576K
}
Event: 4.479 GC heap before
{Heap before GC invocations=8 (full 2):
 PSYoungGen      total 180736K, used 9213K [0x000000076b900000, 0x0000000778f00000, 0x00000007c0000000)
  eden space 167936K, 0% used [0x000000076b900000,0x000000076b900000,0x0000000775d00000)
  from space 12800K, 71% used [0x0000000776980000,0x000000077727f788,0x0000000777600000)
  to   space 12800K, 0% used [0x0000000775d00000,0x0000000775d00000,0x0000000776980000)
 ParOldGen       total 93184K, used 6349K [0x00000006c2a00000, 0x00000006c8500000, 0x000000076b900000)
  object space 93184K, 6% used [0x00000006c2a00000,0x00000006c3033660,0x00000006c8500000)
 Metaspace       used 33535K, capacity 35330K, committed 35416K, reserved 1079296K
  class space    used 4566K, capacity 4908K, committed 4952K, reserved 1048576K
Event: 4.514 GC heap after
Heap after GC invocations=8 (full 2):
 PSYoungGen      total 180736K, used 0K [0x000000076b900000, 0x0000000778f00000, 0x00000007c0000000)
  eden space 167936K, 0% used [0x000000076b900000,0x000000076b900000,0x0000000775d00000)
  from space 12800K, 0% used [0x0000000776980000,0x0000000776980000,0x0000000777600000)
  to   space 12800K, 0% used [0x0000000775d00000,0x0000000775d00000,0x0000000776980000)
 ParOldGen       total 140800K, used 13815K [0x00000006c2a00000, 0x00000006cb380000, 0x000000076b900000)
  object space 140800K, 9% used [0x00000006c2a00000,0x00000006c377dcf8,0x00000006cb380000)
 Metaspace       used 33535K, capacity 35330K, committed 35416K, reserved 1079296K
  class space    used 4566K, capacity 4908K, committed 4952K, reserved 1048576K
}

